<?xml version="1.0" encoding="UTF-8"?>
<!-- Generated by org.testng.reporters.JUnitXMLReporter -->
<testsuite hostname="DESKTOP-B7L7V38" ignored="0" name="Default test" tests="3" failures="0" timestamp="11 Dec 2018 18:20:03 GMT" time="40.216" errors="0">
  <testcase name="loginTest" time="2.918" classname="in.amazon.mshop.AmazonMobileApp.FindAProduct_Test"/>
  <testcase name="homePageTest" time="0.788" classname="in.amazon.mshop.AmazonMobileApp.FindAProduct_Test"/>
  <testcase name="checkAvailability" time="22.108" classname="in.amazon.mshop.AmazonMobileApp.FindAProduct_Test"/>
</testsuite> <!-- Default test -->
